This is pdfTeX, Version 3.141592653-2.6-1.40.25 (MiKTeX 23.10) (preloaded format=pdflatex 2023.12.2)  12 DEC 2023 09:46
entering extended mode
 restricted \write18 enabled.
 %&-line parsing enabled.
**./main.tex
(main.tex
LaTeX2e <2023-06-01> patch level 1
L3 programming layer <2023-08-29>

(C:\Users\mhueppe.LAPTOP-PKNG4OSF\AppData\Local\Programs\MiKTeX\tex/latex/base\
article.cls
Document Class: article 2023/05/17 v1.4n Standard LaTeX document class

(C:\Users\mhueppe.LAPTOP-PKNG4OSF\AppData\Local\Programs\MiKTeX\tex/latex/base\
size12.clo
File: size12.clo 2023/05/17 v1.4n Standard LaTeX file (size option)
)
\c@part=\count185
\c@section=\count186
\c@subsection=\count187
\c@subsubsection=\count188
\c@paragraph=\count189
\c@subparagraph=\count190
\c@figure=\count191
\c@table=\count192
\abovecaptionskip=\skip48
\belowcaptionskip=\skip49
\bibindent=\dimen140
)
(C:\Users\mhueppe.LAPTOP-PKNG4OSF\AppData\Local\Programs\MiKTeX\tex/generic/bab
el\babel.sty
Package: babel 2023/09/29 v3.95 The Babel package
\babel@savecnt=\count193
\U@D=\dimen141
\l@unhyphenated=\language79

(C:\Users\mhueppe.LAPTOP-PKNG4OSF\AppData\Local\Programs\MiKTeX\tex/generic/bab
el\txtbabel.def)
\bbl@readstream=\read2
\bbl@dirlevel=\count194

*************************************
* Local config file bblopts.cfg used
*

(C:\Users\mhueppe.LAPTOP-PKNG4OSF\AppData\Local\Programs\MiKTeX\tex/latex/arabi
\bblopts.cfg
File: bblopts.cfg 2005/09/08 v0.1 add Arabic and Farsi to "declared" options of
 babel
)
(C:\Users\mhueppe.LAPTOP-PKNG4OSF\AppData\Local\Programs\MiKTeX\tex/latex/babel
-english\english.ldf
Language: english 2017/06/06 v3.3r English support from the babel system
Package babel Info: Hyphen rules for 'canadian' set to \l@english
(babel)             (\language0). Reported on input line 102.
Package babel Info: Hyphen rules for 'australian' set to \l@ukenglish
(babel)             (\language73). Reported on input line 105.
Package babel Info: Hyphen rules for 'newzealand' set to \l@ukenglish
(babel)             (\language73). Reported on input line 108.
))
(C:\Users\mhueppe.LAPTOP-PKNG4OSF\AppData\Local\Programs\MiKTeX\tex/generic/bab
el/locale/en\babel-english.tex
Package babel Info: Importing font and identification data for english
(babel)             from babel-en.ini. Reported on input line 11.
)
(C:\Users\mhueppe.LAPTOP-PKNG4OSF\AppData\Local\Programs\MiKTeX\tex/latex/acron
ym\acronym.sty
Package: acronym 2020/04/17 v1.47 Support for acronyms (Tobias Oetiker)

(C:\Users\mhueppe.LAPTOP-PKNG4OSF\AppData\Local\Programs\MiKTeX\tex/latex/bigfo
ot\suffix.sty
Package: suffix 2006/07/15 1.5a Variant command support
)
(C:\Users\mhueppe.LAPTOP-PKNG4OSF\AppData\Local\Programs\MiKTeX\tex/latex/xstri
ng\xstring.sty
(C:\Users\mhueppe.LAPTOP-PKNG4OSF\AppData\Local\Programs\MiKTeX\tex/generic/xst
ring\xstring.tex
\xs_counta=\count195
\xs_countb=\count196
)
Package: xstring 2023/08/22 v1.86 String manipulations (CT)
)
\AC@clearlist=\toks17
)
(C:\Users\mhueppe.LAPTOP-PKNG4OSF\AppData\Local\Programs\MiKTeX\tex/latex/algor
ithms\algorithmic.sty
Package: algorithmic 2009/08/24 v0.1 Document Style `algorithmic'

(C:\Users\mhueppe.LAPTOP-PKNG4OSF\AppData\Local\Programs\MiKTeX\tex/latex/base\
ifthen.sty
Package: ifthen 2022/04/13 v1.1d Standard LaTeX ifthen package (DPC)
)
(C:\Users\mhueppe.LAPTOP-PKNG4OSF\AppData\Local\Programs\MiKTeX\tex/latex/graph
ics\keyval.sty
Package: keyval 2022/05/29 v1.15 key=value parser (DPC)
\KV@toks@=\toks18
)
\c@ALC@unique=\count197
\c@ALC@line=\count198
\c@ALC@rem=\count199
\c@ALC@depth=\count266
\ALC@tlm=\skip50
\algorithmicindent=\skip51
)
(C:\Users\mhueppe.LAPTOP-PKNG4OSF\AppData\Local\Programs\MiKTeX\tex/latex/algor
ithms\algorithm.sty
Package: algorithm 2009/08/24 v0.1 Document Style `algorithm' - floating enviro
nment

(C:\Users\mhueppe.LAPTOP-PKNG4OSF\AppData\Local\Programs\MiKTeX\tex/latex/float
\float.sty
Package: float 2001/11/08 v1.3d Float enhancements (AL)
\c@float@type=\count267
\float@exts=\toks19
\float@box=\box51
\@float@everytoks=\toks20
\@floatcapt=\box52
)
\@float@every@algorithm=\toks21
\c@algorithm=\count268
)
(C:\Users\mhueppe.LAPTOP-PKNG4OSF\AppData\Local\Programs\MiKTeX\tex/latex/amsfo
nts\amsfonts.sty
Package: amsfonts 2013/01/14 v3.01 Basic AMSFonts support
\@emptytoks=\toks22
\symAMSa=\mathgroup4
\symAMSb=\mathgroup5
LaTeX Font Info:    Redeclaring math symbol \hbar on input line 98.
LaTeX Font Info:    Overwriting math alphabet `\mathfrak' in version `bold'
(Font)                  U/euf/m/n --> U/euf/b/n on input line 106.
)
(C:\Users\mhueppe.LAPTOP-PKNG4OSF\AppData\Local\Programs\MiKTeX\tex/latex/amsma
th\amsmath.sty
Package: amsmath 2023/05/13 v2.17o AMS math features
\@mathmargin=\skip52

For additional information on amsmath, use the `?' option.

(C:\Users\mhueppe.LAPTOP-PKNG4OSF\AppData\Local\Programs\MiKTeX\tex/latex/amsma
th\amstext.sty
Package: amstext 2021/08/26 v2.01 AMS text

(C:\Users\mhueppe.LAPTOP-PKNG4OSF\AppData\Local\Programs\MiKTeX\tex/latex/amsma
th\amsgen.sty
File: amsgen.sty 1999/11/30 v2.0 generic functions
\@emptytoks=\toks23
\ex@=\dimen142
))
(C:\Users\mhueppe.LAPTOP-PKNG4OSF\AppData\Local\Programs\MiKTeX\tex/latex/amsma
th\amsbsy.sty
Package: amsbsy 1999/11/29 v1.2d Bold Symbols
\pmbraise@=\dimen143
)
(C:\Users\mhueppe.LAPTOP-PKNG4OSF\AppData\Local\Programs\MiKTeX\tex/latex/amsma
th\amsopn.sty
Package: amsopn 2022/04/08 v2.04 operator names
)
\inf@bad=\count269
LaTeX Info: Redefining \frac on input line 234.
\uproot@=\count270
\leftroot@=\count271
LaTeX Info: Redefining \overline on input line 399.
LaTeX Info: Redefining \colon on input line 410.
\classnum@=\count272
\DOTSCASE@=\count273
LaTeX Info: Redefining \ldots on input line 496.
LaTeX Info: Redefining \dots on input line 499.
LaTeX Info: Redefining \cdots on input line 620.
\Mathstrutbox@=\box53
\strutbox@=\box54
LaTeX Info: Redefining \big on input line 722.
LaTeX Info: Redefining \Big on input line 723.
LaTeX Info: Redefining \bigg on input line 724.
LaTeX Info: Redefining \Bigg on input line 725.
\big@size=\dimen144
LaTeX Font Info:    Redeclaring font encoding OML on input line 743.
LaTeX Font Info:    Redeclaring font encoding OMS on input line 744.
\macc@depth=\count274
LaTeX Info: Redefining \bmod on input line 905.
LaTeX Info: Redefining \pmod on input line 910.
LaTeX Info: Redefining \smash on input line 940.
LaTeX Info: Redefining \relbar on input line 970.
LaTeX Info: Redefining \Relbar on input line 971.
\c@MaxMatrixCols=\count275
\dotsspace@=\muskip16
\c@parentequation=\count276
\dspbrk@lvl=\count277
\tag@help=\toks24
\row@=\count278
\column@=\count279
\maxfields@=\count280
\andhelp@=\toks25
\eqnshift@=\dimen145
\alignsep@=\dimen146
\tagshift@=\dimen147
\tagwidth@=\dimen148
\totwidth@=\dimen149
\lineht@=\dimen150
\@envbody=\toks26
\multlinegap=\skip53
\multlinetaggap=\skip54
\mathdisplay@stack=\toks27
LaTeX Info: Redefining \[ on input line 2953.
LaTeX Info: Redefining \] on input line 2954.
)
(C:\Users\mhueppe.LAPTOP-PKNG4OSF\AppData\Local\Programs\MiKTeX\tex/latex/amsfo
nts\amssymb.sty
Package: amssymb 2013/01/14 v3.01 AMS font symbols
)
(C:\Users\mhueppe.LAPTOP-PKNG4OSF\AppData\Local\Programs\MiKTeX\tex/latex/hyper
ref\hyperref.sty
Package: hyperref 2023-07-08 v7.01b Hypertext links for LaTeX

(C:\Users\mhueppe.LAPTOP-PKNG4OSF\AppData\Local\Programs\MiKTeX\tex/generic/ltx
cmds\ltxcmds.sty
Package: ltxcmds 2020-05-10 v1.25 LaTeX kernel commands for general use (HO)
)
(C:\Users\mhueppe.LAPTOP-PKNG4OSF\AppData\Local\Programs\MiKTeX\tex/generic/ift
ex\iftex.sty
Package: iftex 2022/02/03 v1.0f TeX engine tests
)
(C:\Users\mhueppe.LAPTOP-PKNG4OSF\AppData\Local\Programs\MiKTeX\tex/generic/pdf
texcmds\pdftexcmds.sty
Package: pdftexcmds 2020-06-27 v0.33 Utility functions of pdfTeX for LuaTeX (HO
)

(C:\Users\mhueppe.LAPTOP-PKNG4OSF\AppData\Local\Programs\MiKTeX\tex/generic/inf
warerr\infwarerr.sty
Package: infwarerr 2019/12/03 v1.5 Providing info/warning/error messages (HO)
)
Package pdftexcmds Info: \pdf@primitive is available.
Package pdftexcmds Info: \pdf@ifprimitive is available.
Package pdftexcmds Info: \pdfdraftmode found.
)
(C:\Users\mhueppe.LAPTOP-PKNG4OSF\AppData\Local\Programs\MiKTeX\tex/latex/kvset
keys\kvsetkeys.sty
Package: kvsetkeys 2022-10-05 v1.19 Key value parser (HO)
)
(C:\Users\mhueppe.LAPTOP-PKNG4OSF\AppData\Local\Programs\MiKTeX\tex/generic/kvd
efinekeys\kvdefinekeys.sty
Package: kvdefinekeys 2019-12-19 v1.6 Define keys (HO)
)
(C:\Users\mhueppe.LAPTOP-PKNG4OSF\AppData\Local\Programs\MiKTeX\tex/generic/pdf
escape\pdfescape.sty
Package: pdfescape 2019/12/09 v1.15 Implements pdfTeX's escape features (HO)
)
(C:\Users\mhueppe.LAPTOP-PKNG4OSF\AppData\Local\Programs\MiKTeX\tex/latex/hycol
or\hycolor.sty
Package: hycolor 2020-01-27 v1.10 Color options for hyperref/bookmark (HO)
)
(C:\Users\mhueppe.LAPTOP-PKNG4OSF\AppData\Local\Programs\MiKTeX\tex/latex/letlt
xmacro\letltxmacro.sty
Package: letltxmacro 2019/12/03 v1.6 Let assignment for LaTeX macros (HO)
)
(C:\Users\mhueppe.LAPTOP-PKNG4OSF\AppData\Local\Programs\MiKTeX\tex/latex/auxho
ok\auxhook.sty
Package: auxhook 2019-12-17 v1.6 Hooks for auxiliary files (HO)
)
(C:\Users\mhueppe.LAPTOP-PKNG4OSF\AppData\Local\Programs\MiKTeX\tex/latex/hyper
ref\nameref.sty
Package: nameref 2023-08-07 v2.53 Cross-referencing by name of section

(C:\Users\mhueppe.LAPTOP-PKNG4OSF\AppData\Local\Programs\MiKTeX\tex/latex/refco
unt\refcount.sty
Package: refcount 2019/12/15 v3.6 Data extraction from label references (HO)
)
(C:\Users\mhueppe.LAPTOP-PKNG4OSF\AppData\Local\Programs\MiKTeX\tex/generic/get
titlestring\gettitlestring.sty
Package: gettitlestring 2019/12/15 v1.6 Cleanup title references (HO)

(C:\Users\mhueppe.LAPTOP-PKNG4OSF\AppData\Local\Programs\MiKTeX\tex/latex/kvopt
ions\kvoptions.sty
Package: kvoptions 2022-06-15 v3.15 Key value format for package options (HO)
))
\c@section@level=\count281
)
(C:\Users\mhueppe.LAPTOP-PKNG4OSF\AppData\Local\Programs\MiKTeX\tex/latex/etool
box\etoolbox.sty
Package: etoolbox 2020/10/05 v2.5k e-TeX tools for LaTeX (JAW)
\etb@tempcnta=\count282
)
\@linkdim=\dimen151
\Hy@linkcounter=\count283
\Hy@pagecounter=\count284

(C:\Users\mhueppe.LAPTOP-PKNG4OSF\AppData\Local\Programs\MiKTeX\tex/latex/hyper
ref\pd1enc.def
File: pd1enc.def 2023-07-08 v7.01b Hyperref: PDFDocEncoding definition (HO)
Now handling font encoding PD1 ...
... no UTF-8 mapping file for font encoding PD1
)
(C:\Users\mhueppe.LAPTOP-PKNG4OSF\AppData\Local\Programs\MiKTeX\tex/generic/int
calc\intcalc.sty
Package: intcalc 2019/12/15 v1.3 Expandable calculations with integers (HO)
)
\Hy@SavedSpaceFactor=\count285

(C:\Users\mhueppe.LAPTOP-PKNG4OSF\AppData\Local\Programs\MiKTeX\tex/latex/hyper
ref\puenc.def
File: puenc.def 2023-07-08 v7.01b Hyperref: PDF Unicode definition (HO)
Now handling font encoding PU ...
... no UTF-8 mapping file for font encoding PU
)
Package hyperref Info: Hyper figures OFF on input line 4167.
Package hyperref Info: Link nesting OFF on input line 4172.
Package hyperref Info: Hyper index ON on input line 4175.
Package hyperref Info: Plain pages OFF on input line 4182.
Package hyperref Info: Backreferencing OFF on input line 4187.
Package hyperref Info: Implicit mode ON; LaTeX internals redefined.
Package hyperref Info: Bookmarks ON on input line 4434.
\c@Hy@tempcnt=\count286

(C:\Users\mhueppe.LAPTOP-PKNG4OSF\AppData\Local\Programs\MiKTeX\tex/latex/url\u
rl.sty
\Urlmuskip=\muskip17
Package: url 2013/09/16  ver 3.4  Verb mode for urls, etc.
)
LaTeX Info: Redefining \url on input line 4772.
\XeTeXLinkMargin=\dimen152

(C:\Users\mhueppe.LAPTOP-PKNG4OSF\AppData\Local\Programs\MiKTeX\tex/generic/bit
set\bitset.sty
Package: bitset 2019/12/09 v1.3 Handle bit-vector datatype (HO)

(C:\Users\mhueppe.LAPTOP-PKNG4OSF\AppData\Local\Programs\MiKTeX\tex/generic/big
intcalc\bigintcalc.sty
Package: bigintcalc 2019/12/15 v1.5 Expandable calculations on big integers (HO
)
))
\Fld@menulength=\count287
\Field@Width=\dimen153
\Fld@charsize=\dimen154
Package hyperref Info: Hyper figures OFF on input line 6051.
Package hyperref Info: Link nesting OFF on input line 6056.
Package hyperref Info: Hyper index ON on input line 6059.
Package hyperref Info: backreferencing OFF on input line 6066.
Package hyperref Info: Link coloring OFF on input line 6071.
Package hyperref Info: Link coloring with OCG OFF on input line 6076.
Package hyperref Info: PDF/A mode OFF on input line 6081.

(C:\Users\mhueppe.LAPTOP-PKNG4OSF\AppData\Local\Programs\MiKTeX\tex/latex/base\
atbegshi-ltx.sty
Package: atbegshi-ltx 2021/01/10 v1.0c Emulation of the original atbegshi
package with kernel methods
)
\Hy@abspage=\count288
\c@Item=\count289
\c@Hfootnote=\count290
)
Package hyperref Info: Driver (autodetected): hpdftex.

(C:\Users\mhueppe.LAPTOP-PKNG4OSF\AppData\Local\Programs\MiKTeX\tex/latex/hyper
ref\hpdftex.def
File: hpdftex.def 2023-07-08 v7.01b Hyperref driver for pdfTeX

(C:\Users\mhueppe.LAPTOP-PKNG4OSF\AppData\Local\Programs\MiKTeX\tex/latex/base\
atveryend-ltx.sty
Package: atveryend-ltx 2020/08/19 v1.0a Emulation of the original atveryend pac
kage
with kernel methods
)
\Fld@listcount=\count291
\c@bookmark@seq@number=\count292

(C:\Users\mhueppe.LAPTOP-PKNG4OSF\AppData\Local\Programs\MiKTeX\tex/latex/rerun
filecheck\rerunfilecheck.sty
Package: rerunfilecheck 2022-07-10 v1.10 Rerun checks for auxiliary files (HO)

(C:\Users\mhueppe.LAPTOP-PKNG4OSF\AppData\Local\Programs\MiKTeX\tex/generic/uni
quecounter\uniquecounter.sty
Package: uniquecounter 2019/12/15 v1.4 Provide unlimited unique counter (HO)
)
Package uniquecounter Info: New unique counter `rerunfilecheck' on input line 2
85.
)
\Hy@SectionHShift=\skip55
)
(C:\Users\mhueppe.LAPTOP-PKNG4OSF\AppData\Local\Programs\MiKTeX\tex/latex/amscl
s\amsthm.sty
Package: amsthm 2020/05/29 v2.20.6
\thm@style=\toks28
\thm@bodyfont=\toks29
\thm@headfont=\toks30
\thm@notefont=\toks31
\thm@headpunct=\toks32
\thm@preskip=\skip56
\thm@postskip=\skip57
\thm@headsep=\skip58
\dth@everypar=\toks33
)
(C:\Users\mhueppe.LAPTOP-PKNG4OSF\AppData\Local\Programs\MiKTeX\tex/latex/bookt
abs\booktabs.sty
Package: booktabs 2020/01/12 v1.61803398 Publication quality tables
\heavyrulewidth=\dimen155
\lightrulewidth=\dimen156
\cmidrulewidth=\dimen157
\belowrulesep=\dimen158
\belowbottomsep=\dimen159
\aboverulesep=\dimen160
\abovetopsep=\dimen161
\cmidrulesep=\dimen162
\cmidrulekern=\dimen163
\defaultaddspace=\dimen164
\@cmidla=\count293
\@cmidlb=\count294
\@aboverulesep=\dimen165
\@belowrulesep=\dimen166
\@thisruleclass=\count295
\@lastruleclass=\count296
\@thisrulewidth=\dimen167
)
(C:\Users\mhueppe.LAPTOP-PKNG4OSF\AppData\Local\Programs\MiKTeX\tex/latex/graph
ics\color.sty
Package: color 2022/01/06 v1.3d Standard LaTeX Color (DPC)

(C:\Users\mhueppe.LAPTOP-PKNG4OSF\AppData\Local\Programs\MiKTeX\tex/latex/graph
ics-cfg\color.cfg
File: color.cfg 2016/01/02 v1.6 sample color configuration
)
Package color Info: Driver file: pdftex.def on input line 149.

(C:\Users\mhueppe.LAPTOP-PKNG4OSF\AppData\Local\Programs\MiKTeX\tex/latex/graph
ics-def\pdftex.def
File: pdftex.def 2022/09/22 v1.2b Graphics/color driver for pdftex
)
(C:\Users\mhueppe.LAPTOP-PKNG4OSF\AppData\Local\Programs\MiKTeX\tex/latex/graph
ics\mathcolor.ltx))
(C:\Users\mhueppe.LAPTOP-PKNG4OSF\AppData\Local\Programs\MiKTeX\tex/latex/fancy
box\fancybox.sty
Package: fancybox 2010/05/15 1.4

Style option: `fancybox' v1.4 <2010/05/15> (tvz)
\@fancybox=\box55
\shadowsize=\dimen168
\@Sbox=\box56
\do@VerbBox=\toks34
\the@fancyput=\toks35
\this@fancyput=\toks36
\EndVerbatimTokens=\toks37
\Verbatim@Outfile=\write3
\Verbatim@Infile=\read3
)
(C:\Users\mhueppe.LAPTOP-PKNG4OSF\AppData\Local\Programs\MiKTeX\tex/latex/fancy
hdr\fancyhdr.sty
Package: fancyhdr 2022/11/09 v4.1 Extensive control of page headers and footers

\f@nch@headwidth=\skip59
\f@nch@O@elh=\skip60
\f@nch@O@erh=\skip61
\f@nch@O@olh=\skip62
\f@nch@O@orh=\skip63
\f@nch@O@elf=\skip64
\f@nch@O@erf=\skip65
\f@nch@O@olf=\skip66
\f@nch@O@orf=\skip67
)
(C:\Users\mhueppe.LAPTOP-PKNG4OSF\AppData\Local\Programs\MiKTeX\tex/latex/geome
try\geometry.sty
Package: geometry 2020/01/02 v5.9 Page Geometry

(C:\Users\mhueppe.LAPTOP-PKNG4OSF\AppData\Local\Programs\MiKTeX\tex/generic/ift
ex\ifvtex.sty
Package: ifvtex 2019/10/25 v1.7 ifvtex legacy package. Use iftex instead.
)
\Gm@cnth=\count297
\Gm@cntv=\count298
\c@Gm@tempcnt=\count299
\Gm@bindingoffset=\dimen169
\Gm@wd@mp=\dimen170
\Gm@odd@mp=\dimen171
\Gm@even@mp=\dimen172
\Gm@layoutwidth=\dimen173
\Gm@layoutheight=\dimen174
\Gm@layouthoffset=\dimen175
\Gm@layoutvoffset=\dimen176
\Gm@dimlist=\toks38

(C:\Users\mhueppe.LAPTOP-PKNG4OSF\AppData\Local\Programs\MiKTeX\tex/latex/geome
try\geometry.cfg))
(C:\Users\mhueppe.LAPTOP-PKNG4OSF\AppData\Local\Programs\MiKTeX\tex/latex/graph
ics\graphicx.sty
Package: graphicx 2021/09/16 v1.2d Enhanced LaTeX Graphics (DPC,SPQR)

(C:\Users\mhueppe.LAPTOP-PKNG4OSF\AppData\Local\Programs\MiKTeX\tex/latex/graph
ics\graphics.sty
Package: graphics 2022/03/10 v1.4e Standard LaTeX Graphics (DPC,SPQR)

(C:\Users\mhueppe.LAPTOP-PKNG4OSF\AppData\Local\Programs\MiKTeX\tex/latex/graph
ics\trig.sty
Package: trig 2021/08/11 v1.11 sin cos tan (DPC)
)
(C:\Users\mhueppe.LAPTOP-PKNG4OSF\AppData\Local\Programs\MiKTeX\tex/latex/graph
ics-cfg\graphics.cfg
File: graphics.cfg 2016/06/04 v1.11 sample graphics configuration
)
Package graphics Info: Driver file: pdftex.def on input line 107.
)
\Gin@req@height=\dimen177
\Gin@req@width=\dimen178
)
(C:\Users\mhueppe.LAPTOP-PKNG4OSF\AppData\Local\Programs\MiKTeX\tex/latex/tools
\longtable.sty
Package: longtable 2021-09-01 v4.17 Multi-page Table package (DPC)
\LTleft=\skip68
\LTright=\skip69
\LTpre=\skip70
\LTpost=\skip71
\LTchunksize=\count300
\LTcapwidth=\dimen179
\LT@head=\box57
\LT@firsthead=\box58
\LT@foot=\box59
\LT@lastfoot=\box60
\LT@gbox=\box61
\LT@cols=\count301
\LT@rows=\count302
\c@LT@tables=\count303
\c@LT@chunks=\count304
\LT@p@ftn=\toks39
)
(C:\Users\mhueppe.LAPTOP-PKNG4OSF\AppData\Local\Programs\MiKTeX\tex/latex/listi
ngs\listings.sty
\lst@mode=\count305
\lst@gtempboxa=\box62
\lst@token=\toks40
\lst@length=\count306
\lst@currlwidth=\dimen180
\lst@column=\count307
\lst@pos=\count308
\lst@lostspace=\dimen181
\lst@width=\dimen182
\lst@newlines=\count309
\lst@lineno=\count310
\lst@maxwidth=\dimen183

(C:\Users\mhueppe.LAPTOP-PKNG4OSF\AppData\Local\Programs\MiKTeX\tex/latex/listi
ngs\lstmisc.sty
File: lstmisc.sty 2023/02/27 1.9 (Carsten Heinz)
\c@lstnumber=\count311
\lst@skipnumbers=\count312
\lst@framebox=\box63
)
(C:\Users\mhueppe.LAPTOP-PKNG4OSF\AppData\Local\Programs\MiKTeX\tex/latex/listi
ngs\listings.cfg
File: listings.cfg 2023/02/27 1.9 listings configuration
))
Package: listings 2023/02/27 1.9 (Carsten Heinz)

(C:\Users\mhueppe.LAPTOP-PKNG4OSF\AppData\Local\Programs\MiKTeX\tex/latex/tools
\multicol.sty
Package: multicol 2023/03/30 v1.9f multicolumn formatting (FMi)
\c@tracingmulticols=\count313
\mult@box=\box64
\multicol@leftmargin=\dimen184
\c@unbalance=\count314
\c@collectmore=\count315
\doublecol@number=\count316
\multicoltolerance=\count317
\multicolpretolerance=\count318
\full@width=\dimen185
\page@free=\dimen186
\premulticols=\dimen187
\postmulticols=\dimen188
\multicolsep=\skip72
\multicolbaselineskip=\skip73
\partial@page=\box65
\last@line=\box66
\mc@boxedresult=\box67
\maxbalancingoverflow=\dimen189
\mult@rightbox=\box68
\mult@grightbox=\box69
\mult@firstbox=\box70
\mult@gfirstbox=\box71
\@tempa=\box72
\@tempa=\box73
\@tempa=\box74
\@tempa=\box75
\@tempa=\box76
\@tempa=\box77
\@tempa=\box78
\@tempa=\box79
\@tempa=\box80
\@tempa=\box81
\@tempa=\box82
\@tempa=\box83
\@tempa=\box84
\@tempa=\box85
\@tempa=\box86
\@tempa=\box87
\@tempa=\box88
\@tempa=\box89
\@tempa=\box90
\@tempa=\box91
\@tempa=\box92
\@tempa=\box93
\@tempa=\box94
\@tempa=\box95
\@tempa=\box96
\@tempa=\box97
\@tempa=\box98
\@tempa=\box99
\@tempa=\box100
\@tempa=\box101
\@tempa=\box102
\@tempa=\box103
\@tempa=\box104
\@tempa=\box105
\@tempa=\box106
\@tempa=\box107
\c@minrows=\count319
\c@columnbadness=\count320
\c@finalcolumnbadness=\count321
\last@try=\dimen190
\multicolovershoot=\dimen191
\multicolundershoot=\dimen192
\mult@nat@firstbox=\box108
\colbreak@box=\box109
\mc@col@check@num=\count322
)
(C:\Users\mhueppe.LAPTOP-PKNG4OSF\AppData\Local\Programs\MiKTeX\tex/latex/multi
row\multirow.sty
Package: multirow 2021/03/15 v2.8 Span multiple rows of a table
\multirow@colwidth=\skip74
\multirow@cntb=\count323
\multirow@dima=\skip75
\bigstrutjot=\dimen193
)
(C:\Users\mhueppe.LAPTOP-PKNG4OSF\AppData\Local\Programs\MiKTeX\tex/latex/graph
ics\rotating.sty
Package: rotating 2016/08/11 v2.16d rotated objects in LaTeX
\c@r@tfl@t=\count324
\rotFPtop=\skip76
\rotFPbot=\skip77
\rot@float@box=\box110
\rot@mess@toks=\toks41
)
(C:\Users\mhueppe.LAPTOP-PKNG4OSF\AppData\Local\Programs\MiKTeX\tex/latex/subfi
gure\subfigure.sty
Package: subfigure 2002/07/30 v2.1.4 subfigure package
\subfigtopskip=\skip78
\subfigcapskip=\skip79
\subfigcaptopadj=\dimen194
\subfigbottomskip=\skip80
\subfigcapmargin=\dimen195
\subfiglabelskip=\skip81
\c@subfigure=\count325
\c@lofdepth=\count326
\c@subtable=\count327
\c@lotdepth=\count328

****************************************
* Local config file subfigure.cfg used *
****************************************

(C:\Users\mhueppe.LAPTOP-PKNG4OSF\AppData\Local\Programs\MiKTeX\tex/latex/subfi
gure\subfigure.cfg)
\subfig@top=\skip82
\subfig@bottom=\skip83
)
(C:\Users\mhueppe.LAPTOP-PKNG4OSF\AppData\Local\Programs\MiKTeX\tex/latex/tools
\tabularx.sty
Package: tabularx 2020/01/15 v2.11c `tabularx' package (DPC)

(C:\Users\mhueppe.LAPTOP-PKNG4OSF\AppData\Local\Programs\MiKTeX\tex/latex/tools
\array.sty
Package: array 2022/09/04 v2.5g Tabular extension package (FMi)
\col@sep=\dimen196
\ar@mcellbox=\box111
\extrarowheight=\dimen197
\NC@list=\toks42
\extratabsurround=\skip84
\backup@length=\skip85
\ar@cellbox=\box112
)
\TX@col@width=\dimen198
\TX@old@table=\dimen199
\TX@old@col=\dimen256
\TX@target=\dimen257
\TX@delta=\dimen258
\TX@cols=\count329
\TX@ftn=\toks43
)
(C:\Users\mhueppe.LAPTOP-PKNG4OSF\AppData\Local\Programs\MiKTeX\tex/latex/tools
\xspace.sty
Package: xspace 2014/10/28 v1.13 Space after command names (DPC,MH)
)
(C:\Users\mhueppe.LAPTOP-PKNG4OSF\AppData\Local\Programs\MiKTeX\tex/latex/boxed
minipage\boxedminipage.sty
Package: boxedminipage 2020/04/19 v1.1 Boxed LaTeX2e minipages
\bmp@box=\box113
\bmp@width=\skip86
\bmp@height=\skip87
)
\c@theorem=\count330
\c@axiom=\count331
\c@definition=\count332

(C:\Users\mhueppe.LAPTOP-PKNG4OSF\AppData\Local\Programs\MiKTeX\tex/latex/bibla
tex\biblatex.sty
Package: biblatex 2023/03/05 v3.19 programmable bibliographies (PK/MW)

(C:\Users\mhueppe.LAPTOP-PKNG4OSF\AppData\Local\Programs\MiKTeX\tex/latex/logre
q\logreq.sty
Package: logreq 2010/08/04 v1.0 xml request logger
\lrq@indent=\count333

(C:\Users\mhueppe.LAPTOP-PKNG4OSF\AppData\Local\Programs\MiKTeX\tex/latex/logre
q\logreq.def
File: logreq.def 2010/08/04 v1.0 logreq spec v1.0
))
\c@tabx@nest=\count334
\c@listtotal=\count335
\c@listcount=\count336
\c@liststart=\count337
\c@liststop=\count338
\c@citecount=\count339
\c@citetotal=\count340
\c@multicitecount=\count341
\c@multicitetotal=\count342
\c@instcount=\count343
\c@maxnames=\count344
\c@minnames=\count345
\c@maxitems=\count346
\c@minitems=\count347
\c@citecounter=\count348
\c@maxcitecounter=\count349
\c@savedcitecounter=\count350
\c@uniquelist=\count351
\c@uniquename=\count352
\c@refsection=\count353
\c@refsegment=\count354
\c@maxextratitle=\count355
\c@maxextratitleyear=\count356
\c@maxextraname=\count357
\c@maxextradate=\count358
\c@maxextraalpha=\count359
\c@abbrvpenalty=\count360
\c@highnamepenalty=\count361
\c@lownamepenalty=\count362
\c@maxparens=\count363
\c@parenlevel=\count364
\blx@tempcnta=\count365
\blx@tempcntb=\count366
\blx@tempcntc=\count367
\c@blx@maxsection=\count368
\blx@maxsegment@0=\count369
\blx@notetype=\count370
\blx@parenlevel@text=\count371
\blx@parenlevel@foot=\count372
\blx@sectionciteorder@0=\count373
\blx@sectionciteorderinternal@0=\count374
\blx@entrysetcounter=\count375
\blx@biblioinstance=\count376
\labelnumberwidth=\skip88
\labelalphawidth=\skip89
\biblabelsep=\skip90
\bibitemsep=\skip91
\bibnamesep=\skip92
\bibinitsep=\skip93
\bibparsep=\skip94
\bibhang=\skip95
\blx@bcfin=\read4
\blx@bcfout=\write4
\blx@langwohyphens=\language80
\c@mincomprange=\count377
\c@maxcomprange=\count378
\c@mincompwidth=\count379
Package biblatex Info: Trying to load biblatex default data model...
Package biblatex Info: ... file 'blx-dm.def' found.

(C:\Users\mhueppe.LAPTOP-PKNG4OSF\AppData\Local\Programs\MiKTeX\tex/latex/bibla
tex\blx-dm.def
File: blx-dm.def 2023/03/05 v3.19 biblatex localization (PK/MW)
)
Package biblatex Info: Trying to load biblatex style data model...
Package biblatex Info: ... file 'apa.dbx' found.

(C:\Users\mhueppe.LAPTOP-PKNG4OSF\AppData\Local\Programs\MiKTeX\tex/latex/bibla
tex-apa\apa.dbx
File: apa.dbx 2023/03/20 v9.17 APA biblatex style data model
)
Package biblatex Info: Trying to load biblatex custom data model...
Package biblatex Info: ... file 'biblatex-dm.cfg' not found.
\c@afterword=\count380
\c@savedafterword=\count381
\c@annotator=\count382
\c@savedannotator=\count383
\c@author=\count384
\c@savedauthor=\count385
\c@bookauthor=\count386
\c@savedbookauthor=\count387
\c@commentator=\count388
\c@savedcommentator=\count389
\c@editor=\count390
\c@savededitor=\count391
\c@editora=\count392
\c@savededitora=\count393
\c@editorb=\count394
\c@savededitorb=\count395
\c@editorc=\count396
\c@savededitorc=\count397
\c@foreword=\count398
\c@savedforeword=\count399
\c@holder=\count400
\c@savedholder=\count401
\c@introduction=\count402
\c@savedintroduction=\count403
\c@namea=\count404
\c@savednamea=\count405
\c@nameb=\count406
\c@savednameb=\count407
\c@namec=\count408
\c@savednamec=\count409
\c@translator=\count410
\c@savedtranslator=\count411
\c@shortauthor=\count412
\c@savedshortauthor=\count413
\c@shorteditor=\count414
\c@savedshorteditor=\count415
\c@narrator=\count416
\c@savednarrator=\count417
\c@execproducer=\count418
\c@savedexecproducer=\count419
\c@execdirector=\count420
\c@savedexecdirector=\count421
\c@with=\count422
\c@savedwith=\count423
\c@labelname=\count424
\c@savedlabelname=\count425
\c@institution=\count426
\c@savedinstitution=\count427
\c@lista=\count428
\c@savedlista=\count429
\c@listb=\count430
\c@savedlistb=\count431
\c@listc=\count432
\c@savedlistc=\count433
\c@listd=\count434
\c@savedlistd=\count435
\c@liste=\count436
\c@savedliste=\count437
\c@listf=\count438
\c@savedlistf=\count439
\c@location=\count440
\c@savedlocation=\count441
\c@organization=\count442
\c@savedorganization=\count443
\c@origlocation=\count444
\c@savedoriglocation=\count445
\c@origpublisher=\count446
\c@savedorigpublisher=\count447
\c@publisher=\count448
\c@savedpublisher=\count449
\c@language=\count450
\c@savedlanguage=\count451
\c@origlanguage=\count452
\c@savedoriglanguage=\count453
\c@citation=\count454
\c@savedcitation=\count455
\c@pageref=\count456
\c@savedpageref=\count457
\shorthandwidth=\skip96
\shortjournalwidth=\skip97
\shortserieswidth=\skip98
\shorttitlewidth=\skip99
\shortauthorwidth=\skip100
\shorteditorwidth=\skip101
\locallabelnumberwidth=\skip102
\locallabelalphawidth=\skip103
\localshorthandwidth=\skip104
\localshortjournalwidth=\skip105
\localshortserieswidth=\skip106
\localshorttitlewidth=\skip107
\localshortauthorwidth=\skip108
\localshorteditorwidth=\skip109
Package biblatex Info: Trying to load compatibility code...
Package biblatex Info: ... file 'blx-compat.def' found.

(C:\Users\mhueppe.LAPTOP-PKNG4OSF\AppData\Local\Programs\MiKTeX\tex/latex/bibla
tex\blx-compat.def
File: blx-compat.def 2023/03/05 v3.19 biblatex compatibility (PK/MW)
)
Package biblatex Info: Trying to load generic definitions...
Package biblatex Info: ... file 'biblatex.def' found.

(C:\Users\mhueppe.LAPTOP-PKNG4OSF\AppData\Local\Programs\MiKTeX\tex/latex/bibla
tex\biblatex.def
File: biblatex.def 2023/03/05 v3.19 biblatex compatibility (PK/MW)
\c@textcitecount=\count458
\c@textcitetotal=\count459
\c@textcitemaxnames=\count460
\c@biburlbigbreakpenalty=\count461
\c@biburlbreakpenalty=\count462
\c@biburlnumpenalty=\count463
\c@biburlucpenalty=\count464
\c@biburllcpenalty=\count465
\biburlbigskip=\muskip18
\biburlnumskip=\muskip19
\biburlucskip=\muskip20
\biburllcskip=\muskip21
\c@smartand=\count466
)
Package biblatex Info: Trying to load natbib compatibility...
Package biblatex Info: ... file 'blx-natbib.def' found.

(C:\Users\mhueppe.LAPTOP-PKNG4OSF\AppData\Local\Programs\MiKTeX\tex/latex/bibla
tex\blx-natbib.def
File: blx-natbib.def 2023/03/05 v3.19 biblatex compatibility (PK/MW)
Package biblatex Info: Delimiter 'nameyeardelim' in context '' already defined,
 overwriting.
)
Package biblatex Info: Trying to load bibliography style 'apa'...
Package biblatex Info: ... file 'apa.bbx' found.

(C:\Users\mhueppe.LAPTOP-PKNG4OSF\AppData\Local\Programs\MiKTeX\tex/latex/bibla
tex-apa\apa.bbx
File: apa.bbx 2023/03/20 v9.17 APA biblatex references style
Package biblatex Info: Trying to load bibliography style 'standard'...
Package biblatex Info: ... file 'standard.bbx' found.

(C:\Users\mhueppe.LAPTOP-PKNG4OSF\AppData\Local\Programs\MiKTeX\tex/latex/bibla
tex/bbx\standard.bbx
File: standard.bbx 2023/03/05 v3.19 biblatex bibliography style (PK/MW)
\c@bbx:relatedcount=\count467
\c@bbx:relatedtotal=\count468
)
Package biblatex Info: Delimiter 'nameyeardelim' in context 'bib' already defin
ed, overwriting.
Package biblatex Info: Delimiter 'nameyeardelim' in context 'biblist' already d
efined, overwriting.
Package biblatex Info: Delimiter 'nonameyeardelim' in context 'bib' already def
ined, overwriting.
Package biblatex Info: Delimiter 'nonameyeardelim' in context 'biblist' already
 defined, overwriting.
)
Package biblatex Info: Trying to load citation style 'apa'...
Package biblatex Info: ... file 'apa.cbx' found.

(C:\Users\mhueppe.LAPTOP-PKNG4OSF\AppData\Local\Programs\MiKTeX\tex/latex/bibla
tex-apa\apa.cbx
File: apa.cbx 2023/03/20 v9.17 APA biblatex citation style
Package biblatex Info: Delimiter 'nameyeardelim' in context '' already defined,
 overwriting.
Package biblatex Info: Delimiter 'andothersdelim' in context '' already defined
, overwriting.
Package biblatex Info: Redefining '\fullcite'.
Package biblatex Info: Redefining '\citeauthor'.
Package biblatex Info: Redefining '\citeyear'.
Package biblatex Info: Redefining '\cite'.
Package biblatex Info: Redefining '\cites'.
Package biblatex Info: Redefining '\parencite'.
Package biblatex Info: Redefining '\parencites'.
Package biblatex Info: Redefining '\footcite'.
Package biblatex Info: Redefining '\footcites'.
Package biblatex Info: Redefining '\footcitetext'.
Package biblatex Info: Redefining '\footcitetexts'.
Package biblatex Info: Redefining '\smartcite'.
Package biblatex Info: Redefining '\smartcites'.
Package biblatex Info: Redefining '\textcite'.
Package biblatex Info: Redefining '\textcites'.
)
Package biblatex Info: Trying to load configuration file...
Package biblatex Info: ... file 'biblatex.cfg' found.

(C:\Users\mhueppe.LAPTOP-PKNG4OSF\AppData\Local\Programs\MiKTeX\tex/latex/bibla
tex\biblatex.cfg
File: biblatex.cfg 
)
Package biblatex Info: Input encoding 'utf8' detected.
Package biblatex Info: Document encoding is UTF8 ....

(C:\Users\mhueppe.LAPTOP-PKNG4OSF\AppData\Local\Programs\MiKTeX\tex/latex/l3ker
nel\expl3.sty
Package: expl3 2023-08-29 L3 programming layer (loader) 

(C:\Users\mhueppe.LAPTOP-PKNG4OSF\AppData\Local\Programs\MiKTeX\tex/latex/l3bac
kend\l3backend-pdftex.def
File: l3backend-pdftex.def 2023-04-19 L3 backend support: PDF output (pdfTeX)
\l__color_backend_stack_int=\count469
\l__pdf_internal_box=\box114
))
Package biblatex Info: ... and expl3
(biblatex)             2023-08-29 L3 programming layer (loader) 
(biblatex)             is new enough (at least 2020/04/06),
(biblatex)             setting 'casechanger=expl3'.

(C:\Users\mhueppe.LAPTOP-PKNG4OSF\AppData\Local\Programs\MiKTeX\tex/latex/bibla
tex\blx-case-expl3.sty
(C:\Users\mhueppe.LAPTOP-PKNG4OSF\AppData\Local\Programs\MiKTeX\tex/latex/l3pac
kages/xparse\xparse.sty
Package: xparse 2023-08-29 L3 Experimental document command parser
)
Package: blx-case-expl3 2023/03/05 v3.19 expl3 case changing code for biblatex
))

Package biblatex Warning: 'babel/polyglossia' detected but 'csquotes' missing.
(biblatex)                Loading 'csquotes' recommended.

\@quotelevel=\count470
\@quotereset=\count471
(main.aux)
\openout1 = `main.aux'.

LaTeX Font Info:    Checking defaults for OML/cmm/m/it on input line 123.
LaTeX Font Info:    ... okay on input line 123.
LaTeX Font Info:    Checking defaults for OMS/cmsy/m/n on input line 123.
LaTeX Font Info:    ... okay on input line 123.
LaTeX Font Info:    Checking defaults for OT1/cmr/m/n on input line 123.
LaTeX Font Info:    ... okay on input line 123.
LaTeX Font Info:    Checking defaults for T1/cmr/m/n on input line 123.
LaTeX Font Info:    ... okay on input line 123.
LaTeX Font Info:    Checking defaults for TS1/cmr/m/n on input line 123.
LaTeX Font Info:    ... okay on input line 123.
LaTeX Font Info:    Checking defaults for OMX/cmex/m/n on input line 123.
LaTeX Font Info:    ... okay on input line 123.
LaTeX Font Info:    Checking defaults for U/cmr/m/n on input line 123.
LaTeX Font Info:    ... okay on input line 123.
LaTeX Font Info:    Checking defaults for PD1/pdf/m/n on input line 123.
LaTeX Font Info:    ... okay on input line 123.
LaTeX Font Info:    Checking defaults for PU/pdf/m/n on input line 123.
LaTeX Font Info:    ... okay on input line 123.
Package hyperref Info: Link coloring OFF on input line 123.
 (main.out) (main.out)
\@outlinefile=\write5
\openout5 = `main.out'.


(C:\Users\mhueppe.LAPTOP-PKNG4OSF\AppData\Local\Programs\MiKTeX\tex/context/bas
e/mkii\supp-pdf.mkii
[Loading MPS to PDF converter (version 2006.09.02).]
\scratchcounter=\count472
\scratchdimen=\dimen259
\scratchbox=\box115
\nofMPsegments=\count473
\nofMParguments=\count474
\everyMPshowfont=\toks44
\MPscratchCnt=\count475
\MPscratchDim=\dimen260
\MPnumerator=\count476
\makeMPintoPDFobject=\count477
\everyMPtoPDFconversion=\toks45
)
(C:\Users\mhueppe.LAPTOP-PKNG4OSF\AppData\Local\Programs\MiKTeX\tex/latex/epsto
pdf-pkg\epstopdf-base.sty
Package: epstopdf-base 2020-01-24 v2.11 Base part for package epstopdf
Package epstopdf-base Info: Redefining graphics rule for `.eps' on input line 4
85.

(C:\Users\mhueppe.LAPTOP-PKNG4OSF\AppData\Local\Programs\MiKTeX\tex/latex/00mik
tex\epstopdf-sys.cfg
File: epstopdf-sys.cfg 2021/03/18 v2.0 Configuration of epstopdf for MiKTeX
))
*geometry* driver: auto-detecting
*geometry* detected driver: pdftex
*geometry* verbose mode - [ preamble ] result:
* driver: pdftex
* paper: a4paper
* layout: <same size as paper>
* layoutoffset:(h,v)=(0.0pt,0.0pt)
* modes: 
* h-part:(L,W,R)=(88.71565pt, 419.16621pt, 89.626pt)
* v-part:(T,H,B)=(77.84674pt, 650.43pt, 116.77011pt)
* \paperwidth=597.50787pt
* \paperheight=845.04684pt
* \textwidth=419.16621pt
* \textheight=650.43pt
* \oddsidemargin=16.44566pt
* \evensidemargin=16.44566pt
* \topmargin=-31.42325pt
* \headheight=12.0pt
* \headsep=25.0pt
* \topskip=12.0pt
* \footskip=30.0pt
* \marginparwidth=44.0pt
* \marginparsep=10.0pt
* \columnsep=10.0pt
* \skip\footins=10.8pt plus 4.0pt minus 2.0pt
* \hoffset=0.0pt
* \voffset=0.0pt
* \mag=1000
* \@twocolumnfalse
* \@twosidefalse
* \@mparswitchfalse
* \@reversemarginfalse
* (1in=72.27pt=25.4mm, 1cm=28.453pt)

\c@lstlisting=\count478
Package biblatex Info: Trying to load language 'english' -> 'english-apa'...
Package biblatex Info: ... file 'english-apa.lbx' found.

(C:\Users\mhueppe.LAPTOP-PKNG4OSF\AppData\Local\Programs\MiKTeX\tex/latex/bibla
tex-apa\english-apa.lbx
File: english-apa.lbx 2023/03/20 v9.17 APA biblatex localisation
Package biblatex Info: Trying to load language 'english'...
Package biblatex Info: ... file 'english.lbx' found.

(C:\Users\mhueppe.LAPTOP-PKNG4OSF\AppData\Local\Programs\MiKTeX\tex/latex/bibla
tex/lbx\english.lbx
File: english.lbx 2023/03/05 v3.19 biblatex localization (PK/MW)
)
Package biblatex Info: Trying to load language 'american' -> 'american-apa'...
Package biblatex Info: ... file 'american-apa.lbx' found.

(C:\Users\mhueppe.LAPTOP-PKNG4OSF\AppData\Local\Programs\MiKTeX\tex/latex/bibla
tex-apa\american-apa.lbx
File: american-apa.lbx 2023/03/20 v9.17 APA biblatex localisation
Package biblatex Info: Trying to load language 'american'...
Package biblatex Info: ... file 'american.lbx' found.

(C:\Users\mhueppe.LAPTOP-PKNG4OSF\AppData\Local\Programs\MiKTeX\tex/latex/bibla
tex/lbx\american.lbx
File: american.lbx 2023/03/05 v3.19 biblatex localization (PK/MW)
Package biblatex Info: Trying to load language 'english'...
Package biblatex Info: ... file 'english.lbx' found.

(C:\Users\mhueppe.LAPTOP-PKNG4OSF\AppData\Local\Programs\MiKTeX\tex/latex/bibla
tex/lbx\english.lbx
File: english.lbx 2023/03/05 v3.19 biblatex localization (PK/MW)
))))
Package biblatex Info: Input encoding 'utf8' detected.
Package biblatex Info: Automatic encoding selection.
(biblatex)             Assuming data encoding 'utf8'.
\openout4 = `main.bcf'.

Package biblatex Info: Trying to load bibliographic data...
Package biblatex Info: ... file 'main.bbl' found.
 (main.bbl)
Package biblatex Info: Reference section=0 on input line 123.
Package biblatex Info: Reference segment=0 on input line 123.
LaTeX Font Info:    Trying to load font information for U+msa on input line 135
.

(C:\Users\mhueppe.LAPTOP-PKNG4OSF\AppData\Local\Programs\MiKTeX\tex/latex/amsfo
nts\umsa.fd
File: umsa.fd 2013/01/14 v3.01 AMS symbols A
)
LaTeX Font Info:    Trying to load font information for U+msb on input line 135
.

(C:\Users\mhueppe.LAPTOP-PKNG4OSF\AppData\Local\Programs\MiKTeX\tex/latex/amsfo
nts\umsb.fd
File: umsb.fd 2013/01/14 v3.01 AMS symbols B
)
Underfull \hbox (badness 10000) in paragraph at lines 145--146

 []

[1

{C:/Users/mhueppe.LAPTOP-PKNG4OSF/AppData/Local/MiKTeX/fonts/map/pdftex/pdftex.
map}] [2]
<src/Images/various_charizard.png, id=85, 4111.36pt x 1425.325pt>
File: src/Images/various_charizard.png Graphic file (type png)
<use src/Images/various_charizard.png>
Package pdftex.def Info: src/Images/various_charizard.png  used on input line 1
93.
(pdftex.def)             Requested size: 419.16621pt x 145.30293pt.
 [3 <./src/Images/various_charizard.png>]
<src/Images/preprocessing_pipeline.png, id=95, 1090.0725pt x 465.74pt>
File: src/Images/preprocessing_pipeline.png Graphic file (type png)
<use src/Images/preprocessing_pipeline.png>
Package pdftex.def Info: src/Images/preprocessing_pipeline.png  used on input l
ine 214.
(pdftex.def)             Requested size: 209.5831pt x 89.54329pt.
 [4 <./src/Images/preprocessing_pipeline.png>]
Overfull \hbox (3.18073pt too wide) in paragraph at lines 271--271
\OT1/cmr/m/it/12 the IEEE Con-fer-ence on Com-puter Vi-sion and Pat-tern Recog-
ni-tion (CVPR)\OT1/cmr/m/n/12 . 
 []

[5] (main.aux)
 ***********
LaTeX2e <2023-06-01> patch level 1
L3 programming layer <2023-08-29>
 ***********


LaTeX Warning: There were undefined references.

Package rerunfilecheck Info: File `main.out' has not changed.
(rerunfilecheck)             Checksum: A7AEC1D0AA3BEF0982DC21CAC6AFC62B;1303.

Package biblatex Warning: Please (re)run Biber on the file:
(biblatex)                main
(biblatex)                and rerun LaTeX afterwards.

Package logreq Info: Writing requests to 'main.run.xml'.
\openout1 = `main.run.xml'.

 ) 
Here is how much of TeX's memory you used:
 22732 strings out of 475247
 396970 string characters out of 5749296
 1929785 words of memory out of 5000000
 43936 multiletter control sequences out of 15000+600000
 568462 words of font info for 76 fonts, out of 8000000 for 9000
 1142 hyphenation exceptions out of 8191
 75i,12n,81p,1131b,5052s stack positions out of 10000i,1000n,20000p,200000b,200000s
 <C:\Users\mhueppe.LAPTOP-PKNG4OSF\AppData\Local\MiKTeX\fonts/pk/ljfour/jknap
pen/ec/dpi600\tcrm1200.pk><C:/Users/mhueppe.LAPTOP-PKNG4OSF/AppData/Local/Progr
ams/MiKTeX/fonts/type1/public/amsfonts/cm/cmbx10.pfb><C:/Users/mhueppe.LAPTOP-P
KNG4OSF/AppData/Local/Programs/MiKTeX/fonts/type1/public/amsfonts/cm/cmbx12.pfb
><C:/Users/mhueppe.LAPTOP-PKNG4OSF/AppData/Local/Programs/MiKTeX/fonts/type1/pu
blic/amsfonts/cm/cmr10.pfb><C:/Users/mhueppe.LAPTOP-PKNG4OSF/AppData/Local/Prog
rams/MiKTeX/fonts/type1/public/amsfonts/cm/cmr12.pfb><C:/Users/mhueppe.LAPTOP-P
KNG4OSF/AppData/Local/Programs/MiKTeX/fonts/type1/public/amsfonts/cm/cmr17.pfb>
<C:/Users/mhueppe.LAPTOP-PKNG4OSF/AppData/Local/Programs/MiKTeX/fonts/type1/pub
lic/amsfonts/cm/cmr7.pfb><C:/Users/mhueppe.LAPTOP-PKNG4OSF/AppData/Local/Progra
ms/MiKTeX/fonts/type1/public/amsfonts/cm/cmr8.pfb><C:/Users/mhueppe.LAPTOP-PKNG
4OSF/AppData/Local/Programs/MiKTeX/fonts/type1/public/amsfonts/cm/cmti12.pfb>
Output written on main.pdf (5 pages, 4782764 bytes).
PDF statistics:
 160 PDF objects out of 1000 (max. 8388607)
 27 named destinations out of 1000 (max. 500000)
 107 words of extra memory for PDF output out of 10000 (max. 10000000)

